d:\desktop\software\oop\supermarket\supermarket\supermarket\x64\debug\vc143.pdb
d:\desktop\software\oop\supermarket\supermarket\supermarket\x64\debug\vc143.idb
d:\desktop\software\oop\supermarket\supermarket\supermarket\x64\debug\supermarket.obj
d:\desktop\software\oop\supermarket\supermarket\supermarket\x64\debug\supermarket.ilk
d:\desktop\software\oop\supermarket\supermarket\supermarket\x64\debug\buy.obj
d:\desktop\software\oop\supermarket\supermarket\supermarket\x64\debug\clothes.obj
d:\desktop\software\oop\supermarket\supermarket\supermarket\x64\debug\color.obj
d:\desktop\software\oop\supermarket\supermarket\supermarket\x64\debug\drinks.obj
d:\desktop\software\oop\supermarket\supermarket\supermarket\x64\debug\food.obj
d:\desktop\software\oop\supermarket\supermarket\supermarket\x64\debug\fruitsandvegetables.obj
d:\desktop\software\oop\supermarket\supermarket\supermarket\x64\debug\knowexist.obj
d:\desktop\software\oop\supermarket\supermarket\supermarket\x64\debug\sell.obj
d:\desktop\software\oop\supermarket\supermarket\x64\debug\supermarket.pdb
d:\desktop\software\oop\supermarket\supermarket\x64\debug\supermarket.exe
d:\desktop\software\oop\supermarket\supermarket\supermarket\x64\debug\supermarket.tlog\cl.command.1.tlog
d:\desktop\software\oop\supermarket\supermarket\supermarket\x64\debug\supermarket.tlog\cl.items.tlog
d:\desktop\software\oop\supermarket\supermarket\supermarket\x64\debug\supermarket.tlog\cl.read.1.tlog
d:\desktop\software\oop\supermarket\supermarket\supermarket\x64\debug\supermarket.tlog\cl.write.1.tlog
d:\desktop\software\oop\supermarket\supermarket\supermarket\x64\debug\supermarket.tlog\link.command.1.tlog
d:\desktop\software\oop\supermarket\supermarket\supermarket\x64\debug\supermarket.tlog\link.read.1.tlog
d:\desktop\software\oop\supermarket\supermarket\supermarket\x64\debug\supermarket.tlog\link.secondary.1.tlog
d:\desktop\software\oop\supermarket\supermarket\supermarket\x64\debug\supermarket.tlog\link.write.1.tlog
